<?xml version="1.0" encoding="UTF-8"?>
<!-- Generated by org.testng.reporters.JUnitReportReporter -->
<testsuite hostname="MJKLLaptop" name="com.stta.SuiteOne.SuiteOneCaseOne" tests="2" failures="0" timestamp="13 Sep 2015 14:36:04 GMT" time="30.432" errors="0">
  <testcase name="SuiteOneCaseOneTest" time="25.951" classname="com.stta.SuiteOne.SuiteOneCaseOne"/>
  <testcase name="SuiteOneCaseOneTest" time="4.481" classname="com.stta.SuiteOne.SuiteOneCaseOne"/>
</testsuite> <!-- com.stta.SuiteOne.SuiteOneCaseOne -->
