<?xml version="1.0" encoding="UTF-8"?>
<!-- Generated by org.testng.reporters.JUnitReportReporter -->
<testsuite hostname="Hello" name="com.stta.SuiteTwo.SuiteTwoCaseOne" tests="2" failures="2" timestamp="13 Sep 2015 15:03:13 GMT" time="0.004" errors="0">
  <testcase name="SuiteTwoCaseOneTest" time="0.002" classname="com.stta.SuiteTwo.SuiteTwoCaseOne"/>
  <testcase name="SuiteTwoCaseOneTest" time="0.002" classname="com.stta.SuiteTwo.SuiteTwoCaseOne"/>
</testsuite> <!-- com.stta.SuiteTwo.SuiteTwoCaseOne -->
