<?xml version="1.0" encoding="UTF-8"?>
<!-- Generated by org.testng.reporters.JUnitReportReporter -->
<testsuite hostname="Amit-HP" name="com.stta.SuiteOne.SuiteOneCaseTwo" tests="2" failures="2" timestamp="20 Sep 2015 12:56:09 GMT" time="0.002" errors="0">
  <testcase name="SuiteOneCaseTwoTest" time="0.001" classname="com.stta.SuiteOne.SuiteOneCaseTwo"/>
  <testcase name="SuiteOneCaseTwoTest" time="0.001" classname="com.stta.SuiteOne.SuiteOneCaseTwo"/>
</testsuite> <!-- com.stta.SuiteOne.SuiteOneCaseTwo -->
